12/08/19 23:34:56: 链路连通
尝试
12/08/19 23:34:59: 链路连通
12/08/19 23:35:45: File Closed
12/08/19 23:35:49: 链路连通
尝试
12/08/19 23:35:52: 链路连通
12/08/19 23:36:35: File Closed
12/08/19 23:37:04: 链路连通
尝试
12/08/19 23:37:07: 链路连通
12/08/19 23:37:59: File Closed
12/08/19 23:38:36: 链路连通
尝试
12/08/19 23:38:38: 链路连通
12/08/19 23:39:06: File Closed
12/08/19 23:39:14: 链路连通
尝试
12/08/19 23:39:16: 链路连通
12/08/19 23:40:02: File Closed
12/08/19 23:40:08: 链路连通
尝试
12/08/19 23:40:10: 链路连通
12/08/19 23:40:33: File Closed
12/08/19 23:40:37: 链路连通
尝试
12/08/19 23:40:39: 链路连通
12/08/19 23:41:14: File Closed
12/08/19 23:41:18: 链路连通
尝试
12/08/19 23:41:21: 链路连通
12/08/19 23:41:50: File Closed
12/08/19 23:43:15: 链路连通
尝试
12/08/19 23:43:18: 链路连通
12/08/19 23:44:17: File Closed
12/08/19 23:44:24: 链路连通
尝试
12/08/19 23:44:26: 链路连通
12/08/19 23:45:02: File Closed
12/08/19 23:45:06: 链路连通
尝试
12/08/19 23:45:09: 链路连通
12/08/19 23:45:47: File Closed
12/08/19 23:45:51: 链路连通
尝试
12/08/19 23:45:54: 链路连通
12/08/19 23:47:09: File Closed
12/08/19 23:47:14: 链路连通
尝试
12/08/19 23:47:16: 链路连通
12/08/19 23:48:24: File Closed
12/08/19 23:48:30: 链路连通
尝试
12/08/19 23:48:32: 链路连通
12/08/19 23:49:22: File Closed
12/08/19 23:49:27: 链路连通
尝试
12/08/19 23:49:29: 链路连通
12/08/19 23:50:00: File Closed
12/08/19 23:50:05: 链路连通
尝试
12/08/19 23:50:08: 链路连通
12/08/19 23:50:47: File Closed
12/08/19 23:50:50: 链路连通
尝试
12/08/19 23:50:53: 链路连通
12/08/19 23:51:31: File Closed
12/08/19 23:51:39: 链路连通
尝试
12/08/19 23:51:41: 链路连通
12/08/19 23:52:19: File Closed
12/08/19 23:53:47: 链路连通
尝试
12/08/19 23:53:49: 链路连通
12/08/19 23:54:24: File Closed
12/08/19 23:54:27: 链路连通
尝试
12/08/19 23:54:30: 链路连通
12/08/19 23:55:02: File Closed
12/08/19 23:55:06: 链路连通
尝试
12/08/19 23:55:09: 链路连通
12/08/19 23:56:14: File Closed
12/08/19 23:56:19: 链路连通
尝试
12/08/19 23:56:21: 链路连通
12/08/19 23:57:15: File Closed
12/09/19 22:34:17: 链路连通
尝试
12/09/19 22:34:18: 链路连通
12/09/19 22:34:29: 接收数据
接收127.0.0.1:14101->360位->
12/09/19 22:35:54: File Closed
12/09/19 23:00:26: 链路连通
尝试
12/09/19 23:00:27: 链路连通
12/09/19 23:00:27: 链路连通
12/09/19 23:00:38: 接收数据
接收127.0.0.1:15100->360位->
12/09/19 23:00:38: 发送数据
发送 400 位->
12/09/19 23:00:39: 接收数据
接收127.0.0.1:15100->360位->
12/09/19 23:00:39: 发送数据
发送 440 位->
12/09/19 23:00:40: 接收数据
接收127.0.0.1:15100->360位->
12/09/19 23:00:40: 发送数据
发送 464 位->
12/09/19 23:00:40: 接收数据
接收127.0.0.1:15100->360位->
12/09/19 23:00:43: 接收数据
接收127.0.0.1:15100->360位->
12/09/19 23:00:46: 接收数据
接收127.0.0.1:15100->360位->
12/09/19 23:00:49: 接收数据
接收127.0.0.1:15100->360位->
12/09/19 23:00:50: 发送数据
发送 448 位->
12/09/19 23:00:52: 接收数据
接收127.0.0.1:15100->360位->
12/09/19 23:00:53: 发送数据
发送 456 位->
12/09/19 23:00:53: 接收数据
接收127.0.0.1:15100->360位->
12/09/19 23:00:53: 发送数据
发送 456 位->
12/09/19 23:04:17: File Closed
12/09/19 23:12:40: 链路连通
尝试
12/09/19 23:12:41: 链路连通
12/09/19 23:15:24: File Closed
12/10/19 23:10:27: 链路连通
尝试
12/10/19 23:10:30: 链路连通
12/10/19 23:12:27: File Closed
12/10/19 23:12:32: 链路连通
尝试
12/10/19 23:12:34: 链路连通
12/10/19 23:12:46: File Closed
12/10/19 23:16:34: 链路连通
尝试
12/10/19 23:16:37: 链路连通
12/10/19 23:21:29: File Closed
12/10/19 23:22:32: 链路连通
尝试
12/10/19 23:22:35: 链路连通
12/10/19 23:22:49: 接收数据
接收127.0.0.1:14101->360位->
12/10/19 23:22:49: 接收数据
接收127.0.0.1:14101->360位->
12/10/19 23:22:50: 接收数据
接收127.0.0.1:14101->360位->
12/10/19 23:22:51: 接收数据
接收127.0.0.1:14101->360位->
12/10/19 23:22:52: 接收数据
接收127.0.0.1:14101->360位->
12/10/19 23:23:11: File Closed
12/11/19 10:46:30: 链路连通
尝试
12/11/19 10:46:32: 链路连通
12/11/19 10:48:54: File Closed
12/11/19 11:28:48: 链路连通
尝试
12/11/19 11:28:49: 链路连通
12/11/19 11:28:58: 发送数据
发送 376 位->
12/11/19 11:28:59: 接收数据
接收127.0.0.1:12102->384位->
12/11/19 11:28:59: 发送数据
发送 392 位->
12/11/19 11:29:00: 接收数据
接收127.0.0.1:12102->408位->
12/11/19 11:29:00: 发送数据
发送 376 位->
12/11/19 11:29:01: 接收数据
接收127.0.0.1:12102->384位->
12/11/19 11:29:04: 发送数据
发送 376 位->
12/11/19 11:29:07: 发送数据
发送 392 位->
12/11/19 11:29:10: 发送数据
发送 368 位->
12/11/19 11:29:10: 接收数据
接收127.0.0.1:12102->392位->
12/11/19 11:29:11: 发送数据
发送 368 位->
12/11/19 11:29:11: 接收数据
接收127.0.0.1:12102->376位->
12/11/19 11:31:25: File Closed
12/11/19 20:50:40: 链路连通
尝试
12/11/19 20:50:43: 链路连通
12/11/19 20:51:05: File Closed
12/11/19 21:21:19: 链路连通
尝试
12/11/19 21:21:21: 链路连通
12/11/19 21:21:21: 链路连通
12/11/19 21:21:35: 接收数据
接收127.0.0.1:15100->360位->
12/11/19 21:21:35: 发送数据
发送 416 位->
12/11/19 21:21:36: 接收数据
接收127.0.0.1:15100->360位->
12/11/19 21:21:36: 发送数据
发送 472 位->
12/11/19 21:21:37: 接收数据
接收127.0.0.1:15100->360位->
12/11/19 21:21:37: 发送数据
发送 416 位->
12/11/19 21:21:38: 接收数据
接收127.0.0.1:15100->360位->
12/11/19 21:21:41: 接收数据
接收127.0.0.1:15100->360位->
12/11/19 21:21:44: 接收数据
接收127.0.0.1:15100->360位->
12/11/19 21:21:44: 发送数据
发送 448 位->
12/19/19 22:17:11: 链路连通
尝试
12/19/19 22:17:13: 链路连通
12/19/19 22:17:25: 接收数据
接收127.0.0.1:14101->360位->
12/19/19 22:18:16: File Closed
12/19/19 23:03:34: 链路连通
尝试
12/19/19 23:03:35: 链路连通
12/19/19 23:05:14: File Closed
12/19/19 23:10:19: 链路连通
尝试
12/19/19 23:10:21: 链路连通
12/19/19 23:20:02: File Closed
