12/08/19 23:34:57: 链路连通
尝试
12/08/19 23:34:59: 链路连通
12/08/19 23:35:45: File Closed
12/08/19 23:35:50: 链路连通
尝试
12/08/19 23:35:52: 链路连通
12/08/19 23:36:35: File Closed
12/08/19 23:37:05: 链路连通
尝试
12/08/19 23:37:07: 链路连通
12/08/19 23:37:59: File Closed
12/08/19 23:38:37: 链路连通
尝试
12/08/19 23:38:38: 链路连通
12/08/19 23:39:06: File Closed
12/08/19 23:39:15: 链路连通
尝试
12/08/19 23:39:16: 链路连通
12/08/19 23:40:03: File Closed
12/08/19 23:40:09: 链路连通
尝试
12/08/19 23:40:10: 链路连通
12/08/19 23:40:33: File Closed
12/08/19 23:40:38: 链路连通
尝试
12/08/19 23:40:39: 链路连通
12/08/19 23:41:14: File Closed
12/08/19 23:41:20: 链路连通
尝试
12/08/19 23:41:21: 链路连通
12/08/19 23:41:50: File Closed
12/08/19 23:43:17: 链路连通
尝试
12/08/19 23:43:18: 链路连通
12/08/19 23:44:17: File Closed
12/08/19 23:44:25: 链路连通
尝试
12/08/19 23:44:26: 链路连通
12/08/19 23:45:03: File Closed
12/08/19 23:45:08: 链路连通
尝试
12/08/19 23:45:09: 链路连通
12/08/19 23:45:48: File Closed
12/08/19 23:45:53: 链路连通
尝试
12/08/19 23:45:54: 链路连通
12/08/19 23:47:10: File Closed
12/08/19 23:47:15: 链路连通
尝试
12/08/19 23:47:16: 链路连通
12/08/19 23:48:24: File Closed
12/08/19 23:48:31: 链路连通
尝试
12/08/19 23:48:32: 链路连通
12/08/19 23:49:23: File Closed
12/08/19 23:49:28: 链路连通
尝试
12/08/19 23:49:29: 链路连通
12/08/19 23:50:01: File Closed
12/08/19 23:50:07: 链路连通
尝试
12/08/19 23:50:08: 链路连通
12/08/19 23:50:47: File Closed
12/08/19 23:50:52: 链路连通
尝试
12/08/19 23:50:53: 链路连通
12/08/19 23:51:31: File Closed
12/08/19 23:51:40: 链路连通
尝试
12/08/19 23:51:41: 链路连通
12/08/19 23:52:20: File Closed
12/08/19 23:53:48: 链路连通
尝试
12/08/19 23:53:49: 链路连通
12/08/19 23:54:24: File Closed
12/08/19 23:54:29: 链路连通
尝试
12/08/19 23:54:30: 链路连通
12/08/19 23:55:03: File Closed
12/08/19 23:55:08: 链路连通
尝试
12/08/19 23:55:09: 链路连通
12/08/19 23:56:15: File Closed
12/08/19 23:56:20: 链路连通
尝试
12/08/19 23:56:21: 链路连通
12/08/19 23:57:15: File Closed
12/09/19 22:34:17: 链路连通
尝试
12/09/19 22:34:18: 链路连通
12/09/19 22:34:29: 发送数据
发送 360 位->
12/09/19 22:35:55: File Closed
12/09/19 23:00:26: 链路连通
尝试
12/09/19 23:00:27: 链路连通
12/09/19 23:04:18: File Closed
12/09/19 23:12:40: 链路连通
尝试
12/09/19 23:12:41: 链路连通
12/09/19 23:15:24: File Closed
12/10/19 23:10:28: 链路连通
尝试
12/10/19 23:10:30: 链路连通
12/10/19 23:12:27: File Closed
12/10/19 23:12:33: 链路连通
尝试
12/10/19 23:12:34: 链路连通
12/10/19 23:12:46: File Closed
12/10/19 23:16:36: 链路连通
尝试
12/10/19 23:16:37: 链路连通
12/10/19 23:21:31: File Closed
12/10/19 23:22:34: 链路连通
尝试
12/10/19 23:22:35: 链路连通
12/10/19 23:22:49: 发送数据
发送 360 位->
12/10/19 23:22:49: 发送数据
发送 360 位->
12/10/19 23:22:50: 发送数据
发送 360 位->
12/10/19 23:22:51: 发送数据
发送 360 位->
12/10/19 23:22:51: 发送数据
发送 360 位->
12/10/19 23:23:13: File Closed
12/11/19 10:46:31: 链路连通
尝试
12/11/19 10:46:32: 链路连通
12/11/19 10:48:54: File Closed
12/11/19 11:28:48: 链路连通
尝试
12/11/19 11:28:49: 链路连通
12/11/19 11:31:26: File Closed
12/11/19 20:50:41: 链路连通
尝试
12/11/19 20:50:43: 链路连通
12/11/19 20:51:05: File Closed
12/11/19 21:21:20: 链路连通
尝试
12/11/19 21:21:21: 链路连通
12/19/19 22:17:12: 链路连通
尝试
12/19/19 22:17:13: 链路连通
12/19/19 22:17:25: 发送数据
发送 360 位->
12/19/19 22:18:16: File Closed
12/19/19 23:03:34: 链路连通
尝试
12/19/19 23:03:35: 链路连通
12/19/19 23:05:14: File Closed
12/19/19 23:10:20: 链路连通
尝试
12/19/19 23:10:21: 链路连通
12/19/19 23:10:40: 接收数据
接收127.0.0.1:11100->360位->
12/19/19 23:10:41: 接收数据
接收127.0.0.1:11100->416位->
12/19/19 23:10:41: 接收数据
接收127.0.0.1:11100->360位->
12/19/19 23:10:42: 接收数据
接收127.0.0.1:11100->472位->
12/19/19 23:10:42: 接收数据
接收127.0.0.1:11100->360位->
12/19/19 23:10:42: 接收数据
接收127.0.0.1:11100->416位->
12/19/19 23:10:43: 接收数据
接收127.0.0.1:11100->360位->
12/19/19 23:10:46: 接收数据
接收127.0.0.1:11100->360位->
12/19/19 23:10:49: 接收数据
接收127.0.0.1:11100->360位->
12/19/19 23:10:52: 接收数据
接收127.0.0.1:11100->360位->
12/19/19 23:10:52: 接收数据
接收127.0.0.1:11100->456位->
12/19/19 23:10:53: 接收数据
接收127.0.0.1:11100->360位->
12/19/19 23:10:53: 接收数据
接收127.0.0.1:11100->432位->
12/19/19 23:10:54: 接收数据
接收127.0.0.1:11100->360位->
12/19/19 23:10:54: 接收数据
接收127.0.0.1:11100->448位->
12/19/19 23:10:55: 接收数据
接收127.0.0.1:11100->360位->
12/19/19 23:10:55: 接收数据
接收127.0.0.1:11100->440位->
12/19/19 23:10:56: 接收数据
接收127.0.0.1:11100->360位->
12/19/19 23:10:56: 接收数据
接收127.0.0.1:11100->456位->
12/19/19 23:10:57: 接收数据
接收127.0.0.1:11100->360位->
12/19/19 23:10:57: 接收数据
接收127.0.0.1:11100->480位->
12/19/19 23:10:58: 接收数据
接收127.0.0.1:11100->360位->
12/19/19 23:10:58: 接收数据
接收127.0.0.1:11100->464位->
12/19/19 23:10:59: 接收数据
接收127.0.0.1:11100->360位->
12/19/19 23:10:59: 接收数据
接收127.0.0.1:11100->448位->
12/19/19 23:11:00: 接收数据
接收127.0.0.1:11100->360位->
12/19/19 23:11:00: 接收数据
接收127.0.0.1:11100->456位->
12/19/19 23:11:01: 接收数据
接收127.0.0.1:11100->360位->
12/19/19 23:11:01: 接收数据
接收127.0.0.1:11100->440位->
12/19/19 23:11:02: 接收数据
接收127.0.0.1:11100->360位->
12/19/19 23:11:02: 接收数据
接收127.0.0.1:11100->480位->
12/19/19 23:11:03: 接收数据
接收127.0.0.1:11100->360位->
12/19/19 23:11:03: 接收数据
接收127.0.0.1:11100->440位->
12/19/19 23:11:03: 接收数据
接收127.0.0.1:11100->360位->
12/19/19 23:11:04: 接收数据
接收127.0.0.1:11100->448位->
12/19/19 23:20:02: File Closed
