12/07/19 08:52:09: 链路连通
尝试
12/07/19 08:52:10: 链路连通
12/07/19 08:52:23: File Closed
12/07/19 08:52:25: 链路连通
尝试
12/07/19 08:52:26: 链路连通
12/07/19 08:52:32: File Closed
12/10/19 23:13:09: 链路连通
尝试
12/10/19 23:13:10: 链路连通
12/10/19 23:15:29: File Closed
12/11/19 20:26:07: 链路连通
尝试
12/11/19 20:26:08: 链路连通
12/11/19 20:26:28: 发送数据
发送 360 位->
12/11/19 20:35:46: File Closed
12/19/19 22:10:18: 链路连通
尝试
12/19/19 22:10:19: 链路连通
12/19/19 22:11:46: File Closed
12/19/19 22:16:42: 链路连通
尝试
12/19/19 22:16:43: 链路连通
12/19/19 22:16:49: 发送数据
发送 360 位->
12/19/19 22:17:04: File Closed
