12/07/19 08:52:09: 链路连通
尝试
12/07/19 08:52:10: 链路连通
12/07/19 08:52:23: File Closed
12/07/19 08:52:25: 链路连通
尝试
12/07/19 08:52:26: 链路连通
12/07/19 08:52:32: File Closed
12/10/19 23:13:08: 链路连通
尝试
12/10/19 23:13:10: 链路连通
12/10/19 23:13:17: 发送数据
发送 360 位->
12/10/19 23:13:17: 接收数据
接收127.0.0.1:13100->368位->
12/10/19 23:13:18: 发送数据
发送 360 位->
12/10/19 23:13:18: 接收数据
接收127.0.0.1:13100->368位->
12/10/19 23:13:19: 发送数据
发送 360 位->
12/10/19 23:13:19: 接收数据
接收127.0.0.1:13100->368位->
12/10/19 23:13:19: 发送数据
发送 360 位->
12/10/19 23:13:19: 接收数据
接收127.0.0.1:13100->368位->
12/10/19 23:13:22: 发送数据
发送 360 位->
12/10/19 23:13:22: 接收数据
接收127.0.0.1:13100->368位->
12/10/19 23:13:23: 发送数据
发送 360 位->
12/10/19 23:13:23: 接收数据
接收127.0.0.1:13100->368位->
12/10/19 23:15:28: File Closed
12/11/19 20:26:07: 链路连通
尝试
12/11/19 20:26:08: 链路连通
12/11/19 20:26:28: 发送数据
发送 360 位->
12/11/19 20:26:28: 发送数据
发送 360 位->
12/11/19 20:26:29: 发送数据
发送 360 位->
12/11/19 20:26:30: 发送数据
发送 360 位->
12/11/19 20:26:30: 发送数据
发送 360 位->
12/11/19 20:26:31: 发送数据
发送 360 位->
12/11/19 20:26:32: 发送数据
发送 360 位->
12/11/19 20:26:32: 发送数据
发送 360 位->
12/11/19 20:26:33: 发送数据
发送 360 位->
12/11/19 20:26:34: 发送数据
发送 368 位->
12/11/19 20:35:45: File Closed
12/19/19 22:10:18: 链路连通
尝试
12/19/19 22:10:19: 链路连通
12/19/19 22:10:29: 发送数据
发送 360 位->
12/19/19 22:10:29: 接收数据
接收127.0.0.1:13100->368位->
12/19/19 22:10:30: 发送数据
发送 360 位->
12/19/19 22:10:30: 接收数据
接收127.0.0.1:13100->368位->
12/19/19 22:10:30: 发送数据
发送 360 位->
12/19/19 22:10:30: 接收数据
接收127.0.0.1:13100->368位->
12/19/19 22:10:31: 发送数据
发送 360 位->
12/19/19 22:10:31: 接收数据
接收127.0.0.1:13100->368位->
12/19/19 22:10:34: 发送数据
发送 360 位->
12/19/19 22:10:34: 接收数据
接收127.0.0.1:13100->368位->
12/19/19 22:10:35: 发送数据
发送 360 位->
12/19/19 22:10:35: 接收数据
接收127.0.0.1:13100->368位->
12/19/19 22:10:36: 发送数据
发送 360 位->
12/19/19 22:10:36: 接收数据
接收127.0.0.1:13100->368位->
12/19/19 22:10:36: 发送数据
发送 360 位->
12/19/19 22:10:36: 接收数据
接收127.0.0.1:13100->368位->
12/19/19 22:10:37: 发送数据
发送 360 位->
12/19/19 22:10:37: 接收数据
接收127.0.0.1:13100->368位->
12/19/19 22:10:38: 发送数据
发送 360 位->
12/19/19 22:10:38: 接收数据
接收127.0.0.1:13100->368位->
12/19/19 22:10:39: 发送数据
发送 360 位->
12/19/19 22:10:39: 接收数据
接收127.0.0.1:13100->368位->
12/19/19 22:10:40: 发送数据
发送 360 位->
12/19/19 22:10:40: 接收数据
接收127.0.0.1:13100->368位->
12/19/19 22:10:40: 发送数据
发送 360 位->
12/19/19 22:10:40: 接收数据
接收127.0.0.1:13100->368位->
12/19/19 22:10:41: 发送数据
发送 360 位->
12/19/19 22:10:41: 接收数据
接收127.0.0.1:13100->368位->
12/19/19 22:10:42: 发送数据
发送 360 位->
12/19/19 22:10:42: 接收数据
接收127.0.0.1:13100->368位->
12/19/19 22:10:43: 发送数据
发送 360 位->
12/19/19 22:10:43: 接收数据
接收127.0.0.1:13100->368位->
12/19/19 22:10:43: 发送数据
发送 360 位->
12/19/19 22:10:43: 接收数据
接收127.0.0.1:13100->368位->
12/19/19 22:10:44: 发送数据
发送 360 位->
12/19/19 22:10:44: 接收数据
接收127.0.0.1:13100->368位->
12/19/19 22:10:45: 发送数据
发送 360 位->
12/19/19 22:10:45: 接收数据
接收127.0.0.1:13100->368位->
12/19/19 22:10:46: 发送数据
发送 360 位->
12/19/19 22:10:46: 接收数据
接收127.0.0.1:13100->368位->
12/19/19 22:10:46: 发送数据
发送 360 位->
12/19/19 22:10:47: 接收数据
接收127.0.0.1:13100->368位->
12/19/19 22:11:46: File Closed
12/19/19 22:16:42: 链路连通
尝试
12/19/19 22:16:43: 链路连通
12/19/19 22:16:49: 接收数据
接收127.0.0.1:13100->360位->
12/19/19 22:17:04: File Closed
