12/07/19 08:52:09: 链路连通
尝试
12/07/19 08:52:10: 链路连通
12/07/19 08:52:23: File Closed
12/07/19 08:52:25: 链路连通
尝试
12/07/19 08:52:26: 链路连通
12/07/19 08:52:33: File Closed
12/10/19 23:13:09: 链路连通
尝试
12/10/19 23:13:10: 链路连通
12/10/19 23:13:17: 接收数据
接收127.0.0.1:11101->360位->
12/10/19 23:13:17: 发送数据
发送 368 位->
12/10/19 23:13:18: 接收数据
接收127.0.0.1:11101->360位->
12/10/19 23:13:18: 发送数据
发送 368 位->
12/10/19 23:13:19: 接收数据
接收127.0.0.1:11101->360位->
12/10/19 23:13:19: 发送数据
发送 368 位->
12/10/19 23:13:19: 接收数据
接收127.0.0.1:11101->360位->
12/10/19 23:13:19: 发送数据
发送 368 位->
12/10/19 23:13:22: 接收数据
接收127.0.0.1:11101->360位->
12/10/19 23:13:22: 发送数据
发送 368 位->
12/10/19 23:13:23: 接收数据
接收127.0.0.1:11101->360位->
12/10/19 23:13:23: 发送数据
发送 368 位->
12/10/19 23:15:29: File Closed
12/11/19 20:26:07: 链路连通
尝试
12/11/19 20:26:08: 链路连通
12/11/19 20:26:28: 发送数据
发送 360 位->
12/11/19 20:35:46: File Closed
12/19/19 22:10:18: 链路连通
尝试
12/19/19 22:10:19: 链路连通
12/19/19 22:11:46: File Closed
12/19/19 22:16:42: 链路连通
尝试
12/19/19 22:16:43: 链路连通
12/19/19 22:16:49: 接收数据
接收127.0.0.1:12101->360位->
12/19/19 22:17:04: File Closed
